{"name": "Add product and check", "status": "failed", "statusDetails": {"message": "AssertionError: Barcode is empty", "trace": "self = <test_add_product_API.TestAddProductE2E object at 0x10af50400>, login = <pages.login_page.LoginPage object at 0x10afae440>\n\n    @allure.title(\"Add product and check\")\n    @allure.severity(\"Critical\")\n    @pytest.mark.smoke\n    def test_add_product_e2e(self, login):\n        with allure.step(\"Open inventory page\"):\n            self.inventory_page.is_opened()\n    \n        with allure.step(\"Check if product is added to store\"):\n            self.inventory_page.open_product_card()\n            self.inventory_page.open_edit_card()\n>           sku = self.edit_product_card_page.get_barcode()\n\ntests/add_product_tests/e2e_tests/test_add_product_API.py:20: \n_ _ _ _ _ _ _ _ _ _ _ _ _ _ _ _ _ _ _ _ _ _ _ _ _ _ _ _ _ _ _ _ _ _ _ _ _ _ _ _ _ _ _ _ _ _ _ _ _ _ _ _ _ _ _ _ _ _ _ _ _ _ _ _ _ _ _ _ _ _ _ _ _ _ _ _ _ _ _ _ _ \n\nself = <pages.edit_product_card_page.EditProductPage object at 0x10afad8a0>\n\n    @allure.step(\"Get product barcode (SKU) from product card\")\n    def get_barcode(self):\n        try:\n            barcode_element = self.wait.until(EC.presence_of_element_located(self.BARCODE_FIELD))\n        except TimeoutException:\n            allure.attach(\"Timeout while waiting for barcode element\", name=\"Timeout Error\", attachment_type=allure.attachment_type.TEXT)\n            assert False, \"Timeout while waiting for barcode element\"\n    \n        assert barcode_element, \"Barcode element not found on product page\"\n    \n        barcode = barcode_element.get_attribute(\"value\")\n        allure.attach(barcode if barcode else \"None\", name=\"Barcode Value\", attachment_type=allure.attachment_type.TEXT)\n>       assert barcode, \"Barcode is empty\"\nE       AssertionError: Barcode is empty\n\npages/edit_product_card_page.py:87: AssertionError"}, "steps": [{"name": "Open inventory page", "status": "passed", "steps": [{"name": "Page https://seller-app-stg.web.app/152/inventory is opened", "status": "passed", "start": 1721294382785, "stop": 1721294384814}], "start": 1721294382785, "stop": 1721294384814}, {"name": "Check if product is added to store", "status": "failed", "statusDetails": {"message": "AssertionError: Barcode is empty\n", "trace": "  File \"/Users/ekaterinasimakova/QA_automation/SellerApp/tests/add_product_tests/e2e_tests/test_add_product_API.py\", line 20, in test_add_product_e2e\n    sku = self.edit_product_card_page.get_barcode()\n  File \"/Users/ekaterinasimakova/QA_automation/SellerApp/venv/lib/python3.10/site-packages/allure_commons/_allure.py\", line 192, in impl\n    return func(*a, **kw)\n  File \"/Users/ekaterinasimakova/QA_automation/SellerApp/pages/edit_product_card_page.py\", line 87, in get_barcode\n    assert barcode, \"Barcode is empty\"\n"}, "steps": [{"name": "Open product card", "status": "passed", "start": 1721294384814, "stop": 1721294385888}, {"name": "Open edit card", "status": "passed", "start": 1721294385888, "stop": 1721294386982}, {"name": "Get product barcode (SKU) from product card", "status": "failed", "statusDetails": {"message": "AssertionError: Barcode is empty\n", "trace": "  File \"/Users/ekaterinasimakova/QA_automation/SellerApp/venv/lib/python3.10/site-packages/allure_commons/_allure.py\", line 192, in impl\n    return func(*a, **kw)\n  File \"/Users/ekaterinasimakova/QA_automation/SellerApp/pages/edit_product_card_page.py\", line 87, in get_barcode\n    assert barcode, \"Barcode is empty\"\n"}, "attachments": [{"name": "Barcode Value", "source": "30091564-ee45-44b2-91bc-b316ae10bae9-attachment.txt", "type": "text/plain"}], "start": 1721294386982, "stop": 1721294386993}], "start": 1721294384814, "stop": 1721294386994}], "attachments": [{"name": "stdout", "source": "98c6ffbc-1689-43e8-97d7-dac0f6079d5d-attachment.txt", "type": "text/plain"}], "start": 1721294382785, "stop": 1721294386994, "uuid": "69bb713d-9604-4fe6-8e77-8cac920548b6", "historyId": "9f051cb80f6eb710dece13a3c9b066fd", "testCaseId": "9f051cb80f6eb710dece13a3c9b066fd", "fullName": "tests.add_product_tests.e2e_tests.test_add_product_API.TestAddProductE2E#test_add_product_e2e", "labels": [{"name": "feature", "value": "E2E"}, {"name": "severity", "value": "Critical"}, {"name": "tag", "value": "smoke"}, {"name": "parentSuite", "value": "tests.add_product_tests.e2e_tests"}, {"name": "suite", "value": "test_add_product_API"}, {"name": "subSuite", "value": "TestAddProductE2E"}, {"name": "host", "value": "Ekaterinas-MacBook-Pro.local"}, {"name": "thread", "value": "15223-MainThread"}, {"name": "framework", "value": "pytest"}, {"name": "language", "value": "cpython3"}, {"name": "package", "value": "tests.add_product_tests.e2e_tests.test_add_product_API"}]}