{"name": "Add product and check", "status": "failed", "statusDetails": {"message": "AssertionError: Barcode is empty", "trace": "self = <test_add_product_API.TestAddProductE2E object at 0x1066ac190>, login = <pages.login_page.LoginPage object at 0x10670a440>\n\n    @allure.title(\"Add product and check\")\n    @allure.severity(\"Critical\")\n    @pytest.mark.smoke\n    def test_add_product_e2e(self, login):\n        with allure.step(\"Open inventory page\"):\n            self.inventory_page.is_opened()\n    \n        with allure.step(\"Check if product is added to store\"):\n            self.inventory_page.open_product_card()\n            self.inventory_page.open_edit_card()\n>           sku = self.edit_product_card_page.get_barcode()\n\ntests/add_product_tests/e2e_tests/test_add_product_API.py:20: \n_ _ _ _ _ _ _ _ _ _ _ _ _ _ _ _ _ _ _ _ _ _ _ _ _ _ _ _ _ _ _ _ _ _ _ _ _ _ _ _ _ _ _ _ _ _ _ _ _ _ _ _ _ _ _ _ _ _ _ _ _ _ _ _ _ _ _ _ _ _ _ _ _ _ _ _ _ _ _ _ _ \n\nself = <pages.edit_product_card_page.EditProductPage object at 0x1067098a0>\n\n    @allure.step(\"Get product barcode (SKU) from product card\")\n    def get_barcode(self):\n        barcode_element = self.wait.until(EC.presence_of_element_located(self.BARCODE_FIELD))\n        assert barcode_element, \"Barcode element not found on product page\"\n    \n        # Извлечение значения из атрибута value\n        barcode = barcode_element.get_attribute(\"value\")\n        allure.attach(barcode, name=\"Barcode Value\", attachment_type=allure.attachment_type.TEXT)\n>       assert barcode, \"Barcode is empty\"\nE       AssertionError: Barcode is empty\n\npages/edit_product_card_page.py:83: AssertionError"}, "steps": [{"name": "Open inventory page", "status": "passed", "steps": [{"name": "Page https://seller-app-stg.web.app/152/inventory is opened", "status": "passed", "start": 1721132196582, "stop": 1721132196584}], "start": 1721132196582, "stop": 1721132196584}, {"name": "Check if product is added to store", "status": "failed", "statusDetails": {"message": "AssertionError: Barcode is empty\n", "trace": "  File \"/Users/ekaterinasimakova/QA_automation/SellerApp/tests/add_product_tests/e2e_tests/test_add_product_API.py\", line 20, in test_add_product_e2e\n    sku = self.edit_product_card_page.get_barcode()\n  File \"/Users/ekaterinasimakova/QA_automation/SellerApp/venv/lib/python3.10/site-packages/allure_commons/_allure.py\", line 192, in impl\n    return func(*a, **kw)\n  File \"/Users/ekaterinasimakova/QA_automation/SellerApp/pages/edit_product_card_page.py\", line 83, in get_barcode\n    assert barcode, \"Barcode is empty\"\n"}, "steps": [{"name": "Open product card", "status": "passed", "start": 1721132196584, "stop": 1721132197641}, {"name": "Open edit card", "status": "passed", "start": 1721132197641, "stop": 1721132198738}, {"name": "Get product barcode (SKU) from product card", "status": "failed", "statusDetails": {"message": "AssertionError: Barcode is empty\n", "trace": "  File \"/Users/ekaterinasimakova/QA_automation/SellerApp/venv/lib/python3.10/site-packages/allure_commons/_allure.py\", line 192, in impl\n    return func(*a, **kw)\n  File \"/Users/ekaterinasimakova/QA_automation/SellerApp/pages/edit_product_card_page.py\", line 83, in get_barcode\n    assert barcode, \"Barcode is empty\"\n"}, "attachments": [{"name": "Barcode Value", "source": "0762d884-565d-4040-ab07-2744c70cee03-attachment.txt", "type": "text/plain"}], "start": 1721132198738, "stop": 1721132198750}], "start": 1721132196584, "stop": 1721132198751}], "attachments": [{"name": "stdout", "source": "cd06104a-f50b-496a-bf5b-7bc1a7518891-attachment.txt", "type": "text/plain"}], "start": 1721132196581, "stop": 1721132198751, "uuid": "2e3463c5-440a-4438-834e-acdb576b0c10", "historyId": "9f051cb80f6eb710dece13a3c9b066fd", "testCaseId": "9f051cb80f6eb710dece13a3c9b066fd", "fullName": "tests.add_product_tests.e2e_tests.test_add_product_API.TestAddProductE2E#test_add_product_e2e", "labels": [{"name": "feature", "value": "E2E"}, {"name": "severity", "value": "Critical"}, {"name": "tag", "value": "smoke"}, {"name": "parentSuite", "value": "tests.add_product_tests.e2e_tests"}, {"name": "suite", "value": "test_add_product_API"}, {"name": "subSuite", "value": "TestAddProductE2E"}, {"name": "host", "value": "Ekaterinas-MacBook-Pro.local"}, {"name": "thread", "value": "12968-MainThread"}, {"name": "framework", "value": "pytest"}, {"name": "language", "value": "cpython3"}, {"name": "package", "value": "tests.add_product_tests.e2e_tests.test_add_product_API"}]}