{"name": "Add badge", "status": "failed", "statusDetails": {"message": "AssertionError: Badge with text 'None' not found on the product page\nassert False", "trace": "self = <test_add_badge.TestAddBadge object at 0x10a0aae00>, login = <pages.login_page.LoginPage object at 0x10a17d660>\nadd_product = (<pages.add_product_page.AddProductPage object at 0x10a17db70>, 'central')\n\n    @allure.title(\"Add badge\")\n    @allure.severity(\"Critical\")\n    @pytest.mark.smoke\n    def test_add_badge(self, login, add_product):\n        add_product_page, actual_name = add_product\n        self.inventory_page.deny_webpusher_notification_if_present()\n        add_product_page.open_additional_information()\n        badge_text = self.add_product_page.add_badge(\"SALE\")\n        add_product_page.click_done_button()\n    \n        product_name_1 = self.inventory_page.get_product_name()\n        assert product_name_1 == actual_name, f\"Expected product name: {product_name_1}, Actual product name: {actual_name} \"\n        self.web_view_page.go_to_product_page(product_name_1)\n        self.web_view_page.close_cookies()\n        badge_present = self.web_view_page.is_badge_present(badge_text)\n>       assert badge_present, f\"Badge with text '{badge_text}' not found on the product page\"\nE       AssertionError: Badge with text 'None' not found on the product page\nE       assert False\n\ntests/add_product_tests/sanity_tests/test_add_badge.py:23: AssertionError"}, "steps": [{"name": "Deny web pusher notification if present", "status": "passed", "start": 1721728948808, "stop": 1721728964011}, {"name": "Open additional information", "status": "passed", "start": 1721728964012, "stop": 1721728964065}, {"name": "Click Done button", "status": "passed", "start": 1721728965222, "stop": 1721728980382}, {"name": "Get product name", "status": "passed", "start": 1721728980383, "stop": 1721728980411}], "attachments": [{"name": "Badge Text", "source": "a2545a9d-33a7-4ccd-bcc4-e7aa1b35f507-attachment.txt", "type": "text/plain"}, {"name": "Badge Field Screenshot", "source": "984766ab-52f4-4175-b695-a46df5a6cd80-attachment.png", "type": "image/png"}, {"name": "stdout", "source": "c8df4b86-b726-4c23-8128-743e19cc1b87-attachment.txt", "type": "text/plain"}], "start": 1721728948808, "stop": 1721728984920, "uuid": "97dea15a-e8c9-4f0f-9396-d24ba6107fd1", "historyId": "2755d7094b19b59085392c5ab2daf680", "testCaseId": "2755d7094b19b59085392c5ab2daf680", "fullName": "tests.add_product_tests.sanity_tests.test_add_badge.TestAddBadge#test_add_badge", "labels": [{"name": "feature", "value": "Sanity testing"}, {"name": "severity", "value": "Critical"}, {"name": "tag", "value": "smoke"}, {"name": "parentSuite", "value": "tests.add_product_tests.sanity_tests"}, {"name": "suite", "value": "test_add_badge"}, {"name": "subSuite", "value": "TestAddBadge"}, {"name": "host", "value": "Ekaterinas-MacBook-Pro.local"}, {"name": "thread", "value": "38010-MainThread"}, {"name": "framework", "value": "pytest"}, {"name": "language", "value": "cpython3"}, {"name": "package", "value": "tests.add_product_tests.sanity_tests.test_add_badge"}]}